<?xml version="1.0" encoding="UTF-8"?>
<testsuite xmlns:xsi="http://www.w3.org/2001/XMLSchema-instance" xsi:noNamespaceSchemaLocation="https://maven.apache.org/surefire/maven-surefire-plugin/xsd/surefire-test-report.xsd" name="testrunner.RunnerTest" time="3.743" tests="2" errors="0" skipped="0" failures="0">
  <properties>
[...]
</properties>
  <testcase name="(Happy Path) To validate response type, code, headers and data of a search route" classname="API test to a search route" time="2.243"/>
  <testcase name="(Negative path) To fetch all the product IDs in the array and verify if the total ads size is 20" classname="API test to a search route" time="1.029"/>
</testsuite>